<?xml version="1.0" encoding="UTF-8"?>
<testsuite xmlns:xsi="http://www.w3.org/2001/XMLSchema-instance" xsi:noNamespaceSchemaLocation="https://maven.apache.org/surefire/maven-surefire-plugin/xsd/surefire-test-report.xsd" name="de.bredex.account.domain.service.AccountServiceTest" time="0.254" tests="3" errors="0" skipped="0" failures="0">
  <properties>
    <property name="gopherProxySet" value="false"/>
    <property name="awt.toolkit" value="sun.lwawt.macosx.LWCToolkit"/>
    <property name="java.specification.version" value="11"/>
    <property name="sun.cpu.isalist" value=""/>
    <property name="sun.jnu.encoding" value="UTF-8"/>
    <property name="java.class.path" value="/Users/d1ade4u/java-project-term4/mcservice/account-service-training/target/test-classes:/Users/d1ade4u/java-project-term4/mcservice/account-service-training/target/classes:/Users/d1ade4u/.m2/org/springframework/boot/spring-boot-starter-web/2.6.7/spring-boot-starter-web-2.6.7.jar:/Users/d1ade4u/.m2/org/springframework/boot/spring-boot-starter/2.6.7/spring-boot-starter-2.6.7.jar:/Users/d1ade4u/.m2/org/springframework/boot/spring-boot/2.6.7/spring-boot-2.6.7.jar:/Users/d1ade4u/.m2/org/springframework/boot/spring-boot-autoconfigure/2.6.7/spring-boot-autoconfigure-2.6.7.jar:/Users/d1ade4u/.m2/org/springframework/boot/spring-boot-starter-logging/2.6.7/spring-boot-starter-logging-2.6.7.jar:/Users/d1ade4u/.m2/ch/qos/logback/logback-classic/1.2.11/logback-classic-1.2.11.jar:/Users/d1ade4u/.m2/ch/qos/logback/logback-core/1.2.11/logback-core-1.2.11.jar:/Users/d1ade4u/.m2/org/apache/logging/log4j/log4j-to-slf4j/2.17.2/log4j-to-slf4j-2.17.2.jar:/Users/d1ade4u/.m2/org/apache/logging/log4j/log4j-api/2.17.2/log4j-api-2.17.2.jar:/Users/d1ade4u/.m2/org/slf4j/jul-to-slf4j/1.7.36/jul-to-slf4j-1.7.36.jar:/Users/d1ade4u/.m2/jakarta/annotation/jakarta.annotation-api/1.3.5/jakarta.annotation-api-1.3.5.jar:/Users/d1ade4u/.m2/org/yaml/snakeyaml/1.29/snakeyaml-1.29.jar:/Users/d1ade4u/.m2/org/springframework/boot/spring-boot-starter-json/2.6.7/spring-boot-starter-json-2.6.7.jar:/Users/d1ade4u/.m2/com/fasterxml/jackson/datatype/jackson-datatype-jdk8/2.13.2/jackson-datatype-jdk8-2.13.2.jar:/Users/d1ade4u/.m2/com/fasterxml/jackson/datatype/jackson-datatype-jsr310/2.13.2/jackson-datatype-jsr310-2.13.2.jar:/Users/d1ade4u/.m2/com/fasterxml/jackson/module/jackson-module-parameter-names/2.13.2/jackson-module-parameter-names-2.13.2.jar:/Users/d1ade4u/.m2/org/springframework/boot/spring-boot-starter-tomcat/2.6.7/spring-boot-starter-tomcat-2.6.7.jar:/Users/d1ade4u/.m2/org/apache/tomcat/embed/tomcat-embed-core/9.0.62/tomcat-embed-core-9.0.62.jar:/Users/d1ade4u/.m2/org/apache/tomcat/embed/tomcat-embed-el/9.0.62/tomcat-embed-el-9.0.62.jar:/Users/d1ade4u/.m2/org/apache/tomcat/embed/tomcat-embed-websocket/9.0.62/tomcat-embed-websocket-9.0.62.jar:/Users/d1ade4u/.m2/org/springframework/spring-web/5.3.19/spring-web-5.3.19.jar:/Users/d1ade4u/.m2/org/springframework/spring-beans/5.3.19/spring-beans-5.3.19.jar:/Users/d1ade4u/.m2/org/springframework/spring-webmvc/5.3.19/spring-webmvc-5.3.19.jar:/Users/d1ade4u/.m2/org/springframework/spring-aop/5.3.19/spring-aop-5.3.19.jar:/Users/d1ade4u/.m2/org/springframework/spring-context/5.3.19/spring-context-5.3.19.jar:/Users/d1ade4u/.m2/org/springframework/spring-expression/5.3.19/spring-expression-5.3.19.jar:/Users/d1ade4u/.m2/org/springframework/boot/spring-boot-starter-data-jpa/2.6.7/spring-boot-starter-data-jpa-2.6.7.jar:/Users/d1ade4u/.m2/org/springframework/boot/spring-boot-starter-aop/2.6.7/spring-boot-starter-aop-2.6.7.jar:/Users/d1ade4u/.m2/org/aspectj/aspectjweaver/1.9.7/aspectjweaver-1.9.7.jar:/Users/d1ade4u/.m2/org/springframework/boot/spring-boot-starter-jdbc/2.6.7/spring-boot-starter-jdbc-2.6.7.jar:/Users/d1ade4u/.m2/com/zaxxer/HikariCP/4.0.3/HikariCP-4.0.3.jar:/Users/d1ade4u/.m2/org/springframework/spring-jdbc/5.3.19/spring-jdbc-5.3.19.jar:/Users/d1ade4u/.m2/jakarta/transaction/jakarta.transaction-api/1.3.3/jakarta.transaction-api-1.3.3.jar:/Users/d1ade4u/.m2/jakarta/persistence/jakarta.persistence-api/2.2.3/jakarta.persistence-api-2.2.3.jar:/Users/d1ade4u/.m2/org/hibernate/hibernate-core/5.6.8.Final/hibernate-core-5.6.8.Final.jar:/Users/d1ade4u/.m2/org/jboss/logging/jboss-logging/3.4.3.Final/jboss-logging-3.4.3.Final.jar:/Users/d1ade4u/.m2/net/bytebuddy/byte-buddy/1.11.22/byte-buddy-1.11.22.jar:/Users/d1ade4u/.m2/antlr/antlr/2.7.7/antlr-2.7.7.jar:/Users/d1ade4u/.m2/org/jboss/jandex/2.4.2.Final/jandex-2.4.2.Final.jar:/Users/d1ade4u/.m2/com/fasterxml/classmate/1.5.1/classmate-1.5.1.jar:/Users/d1ade4u/.m2/org/hibernate/common/hibernate-commons-annotations/5.1.2.Final/hibernate-commons-annotations-5.1.2.Final.jar:/Users/d1ade4u/.m2/org/glassfish/jaxb/jaxb-runtime/2.3.6/jaxb-runtime-2.3.6.jar:/Users/d1ade4u/.m2/org/glassfish/jaxb/txw2/2.3.6/txw2-2.3.6.jar:/Users/d1ade4u/.m2/com/sun/istack/istack-commons-runtime/3.0.12/istack-commons-runtime-3.0.12.jar:/Users/d1ade4u/.m2/com/sun/activation/jakarta.activation/1.2.2/jakarta.activation-1.2.2.jar:/Users/d1ade4u/.m2/org/springframework/data/spring-data-jpa/2.6.4/spring-data-jpa-2.6.4.jar:/Users/d1ade4u/.m2/org/springframework/data/spring-data-commons/2.6.4/spring-data-commons-2.6.4.jar:/Users/d1ade4u/.m2/org/springframework/spring-orm/5.3.19/spring-orm-5.3.19.jar:/Users/d1ade4u/.m2/org/springframework/spring-tx/5.3.19/spring-tx-5.3.19.jar:/Users/d1ade4u/.m2/org/springframework/spring-aspects/5.3.19/spring-aspects-5.3.19.jar:/Users/d1ade4u/.m2/com/h2database/h2/1.4.200/h2-1.4.200.jar:/Users/d1ade4u/.m2/org/zalando/problem/0.27.1/problem-0.27.1.jar:/Users/d1ade4u/.m2/org/apiguardian/apiguardian-api/1.1.2/apiguardian-api-1.1.2.jar:/Users/d1ade4u/.m2/org/zalando/problem-spring-web/0.27.0/problem-spring-web-0.27.0.jar:/Users/d1ade4u/.m2/org/zalando/problem-violations/0.27.0/problem-violations-0.27.0.jar:/Users/d1ade4u/.m2/org/zalando/problem-spring-common/0.27.0/problem-spring-common-0.27.0.jar:/Users/d1ade4u/.m2/com/google/code/findbugs/jsr305/3.0.2/jsr305-3.0.2.jar:/Users/d1ade4u/.m2/org/slf4j/slf4j-api/1.7.36/slf4j-api-1.7.36.jar:/Users/d1ade4u/.m2/org/zalando/jackson-datatype-problem/0.26.0/jackson-datatype-problem-0.26.0.jar:/Users/d1ade4u/.m2/com/fasterxml/jackson/core/jackson-databind/2.13.2.1/jackson-databind-2.13.2.1.jar:/Users/d1ade4u/.m2/com/fasterxml/jackson/core/jackson-annotations/2.13.2/jackson-annotations-2.13.2.jar:/Users/d1ade4u/.m2/com/fasterxml/jackson/core/jackson-core/2.13.2/jackson-core-2.13.2.jar:/Users/d1ade4u/.m2/org/zalando/faux-pas/0.9.0/faux-pas-0.9.0.jar:/Users/d1ade4u/.m2/javax/validation/validation-api/2.0.1.Final/validation-api-2.0.1.Final.jar:/Users/d1ade4u/.m2/org/springframework/cloud/spring-cloud-starter-netflix-eureka-client/3.1.3/spring-cloud-starter-netflix-eureka-client-3.1.3.jar:/Users/d1ade4u/.m2/org/springframework/cloud/spring-cloud-starter/3.1.3/spring-cloud-starter-3.1.3.jar:/Users/d1ade4u/.m2/org/springframework/cloud/spring-cloud-context/3.1.3/spring-cloud-context-3.1.3.jar:/Users/d1ade4u/.m2/org/springframework/security/spring-security-crypto/5.6.3/spring-security-crypto-5.6.3.jar:/Users/d1ade4u/.m2/org/springframework/cloud/spring-cloud-commons/3.1.3/spring-cloud-commons-3.1.3.jar:/Users/d1ade4u/.m2/org/springframework/security/spring-security-rsa/1.0.10.RELEASE/spring-security-rsa-1.0.10.RELEASE.jar:/Users/d1ade4u/.m2/org/bouncycastle/bcpkix-jdk15on/1.68/bcpkix-jdk15on-1.68.jar:/Users/d1ade4u/.m2/org/bouncycastle/bcprov-jdk15on/1.68/bcprov-jdk15on-1.68.jar:/Users/d1ade4u/.m2/org/springframework/cloud/spring-cloud-netflix-eureka-client/3.1.3/spring-cloud-netflix-eureka-client-3.1.3.jar:/Users/d1ade4u/.m2/com/netflix/eureka/eureka-client/1.10.17/eureka-client-1.10.17.jar:/Users/d1ade4u/.m2/com/netflix/netflix-commons/netflix-eventbus/0.3.0/netflix-eventbus-0.3.0.jar:/Users/d1ade4u/.m2/com/netflix/netflix-commons/netflix-infix/0.3.0/netflix-infix-0.3.0.jar:/Users/d1ade4u/.m2/commons-jxpath/commons-jxpath/1.3/commons-jxpath-1.3.jar:/Users/d1ade4u/.m2/joda-time/joda-time/2.3/joda-time-2.3.jar:/Users/d1ade4u/.m2/javax/servlet/servlet-api/2.5/servlet-api-2.5.jar:/Users/d1ade4u/.m2/org/antlr/antlr-runtime/3.4/antlr-runtime-3.4.jar:/Users/d1ade4u/.m2/org/antlr/stringtemplate/3.2.1/stringtemplate-3.2.1.jar:/Users/d1ade4u/.m2/com/google/code/gson/gson/2.8.9/gson-2.8.9.jar:/Users/d1ade4u/.m2/org/apache/commons/commons-math/2.2/commons-math-2.2.jar:/Users/d1ade4u/.m2/com/thoughtworks/xstream/xstream/1.4.18/xstream-1.4.18.jar:/Users/d1ade4u/.m2/io/github/x-stream/mxparser/1.2.2/mxparser-1.2.2.jar:/Users/d1ade4u/.m2/xmlpull/xmlpull/1.1.3.1/xmlpull-1.1.3.1.jar:/Users/d1ade4u/.m2/com/netflix/archaius/archaius-core/0.7.6/archaius-core-0.7.6.jar:/Users/d1ade4u/.m2/com/google/guava/guava/16.0/guava-16.0.jar:/Users/d1ade4u/.m2/javax/ws/rs/jsr311-api/1.1.1/jsr311-api-1.1.1.jar:/Users/d1ade4u/.m2/com/netflix/servo/servo-core/0.12.21/servo-core-0.12.21.jar:/Users/d1ade4u/.m2/org/apache/httpcomponents/httpclient/4.5.13/httpclient-4.5.13.jar:/Users/d1ade4u/.m2/org/apache/httpcomponents/httpcore/4.4.15/httpcore-4.4.15.jar:/Users/d1ade4u/.m2/commons-codec/commons-codec/1.15/commons-codec-1.15.jar:/Users/d1ade4u/.m2/commons-configuration/commons-configuration/1.10/commons-configuration-1.10.jar:/Users/d1ade4u/.m2/commons-lang/commons-lang/2.6/commons-lang-2.6.jar:/Users/d1ade4u/.m2/commons-logging/commons-logging/1.1.1/commons-logging-1.1.1.jar:/Users/d1ade4u/.m2/com/google/inject/guice/4.1.0/guice-4.1.0.jar:/Users/d1ade4u/.m2/javax/inject/javax.inject/1/javax.inject-1.jar:/Users/d1ade4u/.m2/com/github/vlsi/compactmap/compactmap/2.0/compactmap-2.0.jar:/Users/d1ade4u/.m2/com/github/andrewoma/dexx/dexx-collections/0.2/dexx-collections-0.2.jar:/Users/d1ade4u/.m2/org/codehaus/jettison/jettison/1.4.0/jettison-1.4.0.jar:/Users/d1ade4u/.m2/com/netflix/eureka/eureka-core/1.10.17/eureka-core-1.10.17.jar:/Users/d1ade4u/.m2/com/fasterxml/woodstox/woodstox-core/6.2.1/woodstox-core-6.2.1.jar:/Users/d1ade4u/.m2/org/codehaus/woodstox/stax2-api/4.2.1/stax2-api-4.2.1.jar:/Users/d1ade4u/.m2/org/springframework/cloud/spring-cloud-starter-loadbalancer/3.1.3/spring-cloud-starter-loadbalancer-3.1.3.jar:/Users/d1ade4u/.m2/org/springframework/cloud/spring-cloud-loadbalancer/3.1.3/spring-cloud-loadbalancer-3.1.3.jar:/Users/d1ade4u/.m2/io/projectreactor/reactor-core/3.4.17/reactor-core-3.4.17.jar:/Users/d1ade4u/.m2/org/reactivestreams/reactive-streams/1.0.3/reactive-streams-1.0.3.jar:/Users/d1ade4u/.m2/io/projectreactor/addons/reactor-extra/3.4.8/reactor-extra-3.4.8.jar:/Users/d1ade4u/.m2/org/springframework/boot/spring-boot-starter-cache/2.6.7/spring-boot-starter-cache-2.6.7.jar:/Users/d1ade4u/.m2/org/springframework/spring-context-support/5.3.19/spring-context-support-5.3.19.jar:/Users/d1ade4u/.m2/com/stoyanr/evictor/1.0.0/evictor-1.0.0.jar:/Users/d1ade4u/.m2/org/springframework/boot/spring-boot-starter-test/2.6.7/spring-boot-starter-test-2.6.7.jar:/Users/d1ade4u/.m2/org/springframework/boot/spring-boot-test/2.6.7/spring-boot-test-2.6.7.jar:/Users/d1ade4u/.m2/org/springframework/boot/spring-boot-test-autoconfigure/2.6.7/spring-boot-test-autoconfigure-2.6.7.jar:/Users/d1ade4u/.m2/com/jayway/jsonpath/json-path/2.6.0/json-path-2.6.0.jar:/Users/d1ade4u/.m2/net/minidev/json-smart/2.4.8/json-smart-2.4.8.jar:/Users/d1ade4u/.m2/net/minidev/accessors-smart/2.4.8/accessors-smart-2.4.8.jar:/Users/d1ade4u/.m2/org/ow2/asm/asm/9.1/asm-9.1.jar:/Users/d1ade4u/.m2/jakarta/xml/bind/jakarta.xml.bind-api/2.3.3/jakarta.xml.bind-api-2.3.3.jar:/Users/d1ade4u/.m2/jakarta/activation/jakarta.activation-api/1.2.2/jakarta.activation-api-1.2.2.jar:/Users/d1ade4u/.m2/org/assertj/assertj-core/3.21.0/assertj-core-3.21.0.jar:/Users/d1ade4u/.m2/org/hamcrest/hamcrest/2.2/hamcrest-2.2.jar:/Users/d1ade4u/.m2/org/junit/jupiter/junit-jupiter/5.8.2/junit-jupiter-5.8.2.jar:/Users/d1ade4u/.m2/org/junit/jupiter/junit-jupiter-api/5.8.2/junit-jupiter-api-5.8.2.jar:/Users/d1ade4u/.m2/org/opentest4j/opentest4j/1.2.0/opentest4j-1.2.0.jar:/Users/d1ade4u/.m2/org/junit/platform/junit-platform-commons/1.8.2/junit-platform-commons-1.8.2.jar:/Users/d1ade4u/.m2/org/junit/jupiter/junit-jupiter-params/5.8.2/junit-jupiter-params-5.8.2.jar:/Users/d1ade4u/.m2/org/junit/jupiter/junit-jupiter-engine/5.8.2/junit-jupiter-engine-5.8.2.jar:/Users/d1ade4u/.m2/org/junit/platform/junit-platform-engine/1.8.2/junit-platform-engine-1.8.2.jar:/Users/d1ade4u/.m2/org/mockito/mockito-core/4.0.0/mockito-core-4.0.0.jar:/Users/d1ade4u/.m2/net/bytebuddy/byte-buddy-agent/1.11.22/byte-buddy-agent-1.11.22.jar:/Users/d1ade4u/.m2/org/objenesis/objenesis/3.2/objenesis-3.2.jar:/Users/d1ade4u/.m2/org/mockito/mockito-junit-jupiter/4.0.0/mockito-junit-jupiter-4.0.0.jar:/Users/d1ade4u/.m2/org/skyscreamer/jsonassert/1.5.0/jsonassert-1.5.0.jar:/Users/d1ade4u/.m2/com/vaadin/external/google/android-json/0.0.20131108.vaadin1/android-json-0.0.20131108.vaadin1.jar:/Users/d1ade4u/.m2/org/springframework/spring-core/5.3.19/spring-core-5.3.19.jar:/Users/d1ade4u/.m2/org/springframework/spring-jcl/5.3.19/spring-jcl-5.3.19.jar:/Users/d1ade4u/.m2/org/springframework/spring-test/5.3.19/spring-test-5.3.19.jar:/Users/d1ade4u/.m2/org/xmlunit/xmlunit-core/2.8.4/xmlunit-core-2.8.4.jar:"/>
    <property name="java.vm.vendor" value="Oracle Corporation"/>
    <property name="sun.arch.data.model" value="64"/>
    <property name="java.vendor.url" value="https://openjdk.java.net/"/>
    <property name="user.timezone" value=""/>
    <property name="java.vm.specification.version" value="11"/>
    <property name="os.name" value="Mac OS X"/>
    <property name="sun.java.launcher" value="SUN_STANDARD"/>
    <property name="user.country" value="DE"/>
    <property name="sun.boot.library.path" value="/Library/Java/JavaVirtualMachines/jdk-11.0.13.jdk/Contents/Home/lib"/>
    <property name="sun.java.command" value="/Users/d1ade4u/java-project-term4/mcservice/account-service-training/target/surefire/surefirebooter7891335168051034932.jar /Users/d1ade4u/java-project-term4/mcservice/account-service-training/target/surefire 2022-06-09T09-31-21_320-jvmRun1 surefire7942377996296374527tmp surefire_0363039629678414899tmp"/>
    <property name="http.nonProxyHosts" value="local|*.local|169.254/16|*.169.254/16"/>
    <property name="jdk.debug" value="release"/>
    <property name="surefire.test.class.path" value="/Users/d1ade4u/java-project-term4/mcservice/account-service-training/target/test-classes:/Users/d1ade4u/java-project-term4/mcservice/account-service-training/target/classes:/Users/d1ade4u/.m2/org/springframework/boot/spring-boot-starter-web/2.6.7/spring-boot-starter-web-2.6.7.jar:/Users/d1ade4u/.m2/org/springframework/boot/spring-boot-starter/2.6.7/spring-boot-starter-2.6.7.jar:/Users/d1ade4u/.m2/org/springframework/boot/spring-boot/2.6.7/spring-boot-2.6.7.jar:/Users/d1ade4u/.m2/org/springframework/boot/spring-boot-autoconfigure/2.6.7/spring-boot-autoconfigure-2.6.7.jar:/Users/d1ade4u/.m2/org/springframework/boot/spring-boot-starter-logging/2.6.7/spring-boot-starter-logging-2.6.7.jar:/Users/d1ade4u/.m2/ch/qos/logback/logback-classic/1.2.11/logback-classic-1.2.11.jar:/Users/d1ade4u/.m2/ch/qos/logback/logback-core/1.2.11/logback-core-1.2.11.jar:/Users/d1ade4u/.m2/org/apache/logging/log4j/log4j-to-slf4j/2.17.2/log4j-to-slf4j-2.17.2.jar:/Users/d1ade4u/.m2/org/apache/logging/log4j/log4j-api/2.17.2/log4j-api-2.17.2.jar:/Users/d1ade4u/.m2/org/slf4j/jul-to-slf4j/1.7.36/jul-to-slf4j-1.7.36.jar:/Users/d1ade4u/.m2/jakarta/annotation/jakarta.annotation-api/1.3.5/jakarta.annotation-api-1.3.5.jar:/Users/d1ade4u/.m2/org/yaml/snakeyaml/1.29/snakeyaml-1.29.jar:/Users/d1ade4u/.m2/org/springframework/boot/spring-boot-starter-json/2.6.7/spring-boot-starter-json-2.6.7.jar:/Users/d1ade4u/.m2/com/fasterxml/jackson/datatype/jackson-datatype-jdk8/2.13.2/jackson-datatype-jdk8-2.13.2.jar:/Users/d1ade4u/.m2/com/fasterxml/jackson/datatype/jackson-datatype-jsr310/2.13.2/jackson-datatype-jsr310-2.13.2.jar:/Users/d1ade4u/.m2/com/fasterxml/jackson/module/jackson-module-parameter-names/2.13.2/jackson-module-parameter-names-2.13.2.jar:/Users/d1ade4u/.m2/org/springframework/boot/spring-boot-starter-tomcat/2.6.7/spring-boot-starter-tomcat-2.6.7.jar:/Users/d1ade4u/.m2/org/apache/tomcat/embed/tomcat-embed-core/9.0.62/tomcat-embed-core-9.0.62.jar:/Users/d1ade4u/.m2/org/apache/tomcat/embed/tomcat-embed-el/9.0.62/tomcat-embed-el-9.0.62.jar:/Users/d1ade4u/.m2/org/apache/tomcat/embed/tomcat-embed-websocket/9.0.62/tomcat-embed-websocket-9.0.62.jar:/Users/d1ade4u/.m2/org/springframework/spring-web/5.3.19/spring-web-5.3.19.jar:/Users/d1ade4u/.m2/org/springframework/spring-beans/5.3.19/spring-beans-5.3.19.jar:/Users/d1ade4u/.m2/org/springframework/spring-webmvc/5.3.19/spring-webmvc-5.3.19.jar:/Users/d1ade4u/.m2/org/springframework/spring-aop/5.3.19/spring-aop-5.3.19.jar:/Users/d1ade4u/.m2/org/springframework/spring-context/5.3.19/spring-context-5.3.19.jar:/Users/d1ade4u/.m2/org/springframework/spring-expression/5.3.19/spring-expression-5.3.19.jar:/Users/d1ade4u/.m2/org/springframework/boot/spring-boot-starter-data-jpa/2.6.7/spring-boot-starter-data-jpa-2.6.7.jar:/Users/d1ade4u/.m2/org/springframework/boot/spring-boot-starter-aop/2.6.7/spring-boot-starter-aop-2.6.7.jar:/Users/d1ade4u/.m2/org/aspectj/aspectjweaver/1.9.7/aspectjweaver-1.9.7.jar:/Users/d1ade4u/.m2/org/springframework/boot/spring-boot-starter-jdbc/2.6.7/spring-boot-starter-jdbc-2.6.7.jar:/Users/d1ade4u/.m2/com/zaxxer/HikariCP/4.0.3/HikariCP-4.0.3.jar:/Users/d1ade4u/.m2/org/springframework/spring-jdbc/5.3.19/spring-jdbc-5.3.19.jar:/Users/d1ade4u/.m2/jakarta/transaction/jakarta.transaction-api/1.3.3/jakarta.transaction-api-1.3.3.jar:/Users/d1ade4u/.m2/jakarta/persistence/jakarta.persistence-api/2.2.3/jakarta.persistence-api-2.2.3.jar:/Users/d1ade4u/.m2/org/hibernate/hibernate-core/5.6.8.Final/hibernate-core-5.6.8.Final.jar:/Users/d1ade4u/.m2/org/jboss/logging/jboss-logging/3.4.3.Final/jboss-logging-3.4.3.Final.jar:/Users/d1ade4u/.m2/net/bytebuddy/byte-buddy/1.11.22/byte-buddy-1.11.22.jar:/Users/d1ade4u/.m2/antlr/antlr/2.7.7/antlr-2.7.7.jar:/Users/d1ade4u/.m2/org/jboss/jandex/2.4.2.Final/jandex-2.4.2.Final.jar:/Users/d1ade4u/.m2/com/fasterxml/classmate/1.5.1/classmate-1.5.1.jar:/Users/d1ade4u/.m2/org/hibernate/common/hibernate-commons-annotations/5.1.2.Final/hibernate-commons-annotations-5.1.2.Final.jar:/Users/d1ade4u/.m2/org/glassfish/jaxb/jaxb-runtime/2.3.6/jaxb-runtime-2.3.6.jar:/Users/d1ade4u/.m2/org/glassfish/jaxb/txw2/2.3.6/txw2-2.3.6.jar:/Users/d1ade4u/.m2/com/sun/istack/istack-commons-runtime/3.0.12/istack-commons-runtime-3.0.12.jar:/Users/d1ade4u/.m2/com/sun/activation/jakarta.activation/1.2.2/jakarta.activation-1.2.2.jar:/Users/d1ade4u/.m2/org/springframework/data/spring-data-jpa/2.6.4/spring-data-jpa-2.6.4.jar:/Users/d1ade4u/.m2/org/springframework/data/spring-data-commons/2.6.4/spring-data-commons-2.6.4.jar:/Users/d1ade4u/.m2/org/springframework/spring-orm/5.3.19/spring-orm-5.3.19.jar:/Users/d1ade4u/.m2/org/springframework/spring-tx/5.3.19/spring-tx-5.3.19.jar:/Users/d1ade4u/.m2/org/springframework/spring-aspects/5.3.19/spring-aspects-5.3.19.jar:/Users/d1ade4u/.m2/com/h2database/h2/1.4.200/h2-1.4.200.jar:/Users/d1ade4u/.m2/org/zalando/problem/0.27.1/problem-0.27.1.jar:/Users/d1ade4u/.m2/org/apiguardian/apiguardian-api/1.1.2/apiguardian-api-1.1.2.jar:/Users/d1ade4u/.m2/org/zalando/problem-spring-web/0.27.0/problem-spring-web-0.27.0.jar:/Users/d1ade4u/.m2/org/zalando/problem-violations/0.27.0/problem-violations-0.27.0.jar:/Users/d1ade4u/.m2/org/zalando/problem-spring-common/0.27.0/problem-spring-common-0.27.0.jar:/Users/d1ade4u/.m2/com/google/code/findbugs/jsr305/3.0.2/jsr305-3.0.2.jar:/Users/d1ade4u/.m2/org/slf4j/slf4j-api/1.7.36/slf4j-api-1.7.36.jar:/Users/d1ade4u/.m2/org/zalando/jackson-datatype-problem/0.26.0/jackson-datatype-problem-0.26.0.jar:/Users/d1ade4u/.m2/com/fasterxml/jackson/core/jackson-databind/2.13.2.1/jackson-databind-2.13.2.1.jar:/Users/d1ade4u/.m2/com/fasterxml/jackson/core/jackson-annotations/2.13.2/jackson-annotations-2.13.2.jar:/Users/d1ade4u/.m2/com/fasterxml/jackson/core/jackson-core/2.13.2/jackson-core-2.13.2.jar:/Users/d1ade4u/.m2/org/zalando/faux-pas/0.9.0/faux-pas-0.9.0.jar:/Users/d1ade4u/.m2/javax/validation/validation-api/2.0.1.Final/validation-api-2.0.1.Final.jar:/Users/d1ade4u/.m2/org/springframework/cloud/spring-cloud-starter-netflix-eureka-client/3.1.3/spring-cloud-starter-netflix-eureka-client-3.1.3.jar:/Users/d1ade4u/.m2/org/springframework/cloud/spring-cloud-starter/3.1.3/spring-cloud-starter-3.1.3.jar:/Users/d1ade4u/.m2/org/springframework/cloud/spring-cloud-context/3.1.3/spring-cloud-context-3.1.3.jar:/Users/d1ade4u/.m2/org/springframework/security/spring-security-crypto/5.6.3/spring-security-crypto-5.6.3.jar:/Users/d1ade4u/.m2/org/springframework/cloud/spring-cloud-commons/3.1.3/spring-cloud-commons-3.1.3.jar:/Users/d1ade4u/.m2/org/springframework/security/spring-security-rsa/1.0.10.RELEASE/spring-security-rsa-1.0.10.RELEASE.jar:/Users/d1ade4u/.m2/org/bouncycastle/bcpkix-jdk15on/1.68/bcpkix-jdk15on-1.68.jar:/Users/d1ade4u/.m2/org/bouncycastle/bcprov-jdk15on/1.68/bcprov-jdk15on-1.68.jar:/Users/d1ade4u/.m2/org/springframework/cloud/spring-cloud-netflix-eureka-client/3.1.3/spring-cloud-netflix-eureka-client-3.1.3.jar:/Users/d1ade4u/.m2/com/netflix/eureka/eureka-client/1.10.17/eureka-client-1.10.17.jar:/Users/d1ade4u/.m2/com/netflix/netflix-commons/netflix-eventbus/0.3.0/netflix-eventbus-0.3.0.jar:/Users/d1ade4u/.m2/com/netflix/netflix-commons/netflix-infix/0.3.0/netflix-infix-0.3.0.jar:/Users/d1ade4u/.m2/commons-jxpath/commons-jxpath/1.3/commons-jxpath-1.3.jar:/Users/d1ade4u/.m2/joda-time/joda-time/2.3/joda-time-2.3.jar:/Users/d1ade4u/.m2/javax/servlet/servlet-api/2.5/servlet-api-2.5.jar:/Users/d1ade4u/.m2/org/antlr/antlr-runtime/3.4/antlr-runtime-3.4.jar:/Users/d1ade4u/.m2/org/antlr/stringtemplate/3.2.1/stringtemplate-3.2.1.jar:/Users/d1ade4u/.m2/com/google/code/gson/gson/2.8.9/gson-2.8.9.jar:/Users/d1ade4u/.m2/org/apache/commons/commons-math/2.2/commons-math-2.2.jar:/Users/d1ade4u/.m2/com/thoughtworks/xstream/xstream/1.4.18/xstream-1.4.18.jar:/Users/d1ade4u/.m2/io/github/x-stream/mxparser/1.2.2/mxparser-1.2.2.jar:/Users/d1ade4u/.m2/xmlpull/xmlpull/1.1.3.1/xmlpull-1.1.3.1.jar:/Users/d1ade4u/.m2/com/netflix/archaius/archaius-core/0.7.6/archaius-core-0.7.6.jar:/Users/d1ade4u/.m2/com/google/guava/guava/16.0/guava-16.0.jar:/Users/d1ade4u/.m2/javax/ws/rs/jsr311-api/1.1.1/jsr311-api-1.1.1.jar:/Users/d1ade4u/.m2/com/netflix/servo/servo-core/0.12.21/servo-core-0.12.21.jar:/Users/d1ade4u/.m2/org/apache/httpcomponents/httpclient/4.5.13/httpclient-4.5.13.jar:/Users/d1ade4u/.m2/org/apache/httpcomponents/httpcore/4.4.15/httpcore-4.4.15.jar:/Users/d1ade4u/.m2/commons-codec/commons-codec/1.15/commons-codec-1.15.jar:/Users/d1ade4u/.m2/commons-configuration/commons-configuration/1.10/commons-configuration-1.10.jar:/Users/d1ade4u/.m2/commons-lang/commons-lang/2.6/commons-lang-2.6.jar:/Users/d1ade4u/.m2/commons-logging/commons-logging/1.1.1/commons-logging-1.1.1.jar:/Users/d1ade4u/.m2/com/google/inject/guice/4.1.0/guice-4.1.0.jar:/Users/d1ade4u/.m2/javax/inject/javax.inject/1/javax.inject-1.jar:/Users/d1ade4u/.m2/com/github/vlsi/compactmap/compactmap/2.0/compactmap-2.0.jar:/Users/d1ade4u/.m2/com/github/andrewoma/dexx/dexx-collections/0.2/dexx-collections-0.2.jar:/Users/d1ade4u/.m2/org/codehaus/jettison/jettison/1.4.0/jettison-1.4.0.jar:/Users/d1ade4u/.m2/com/netflix/eureka/eureka-core/1.10.17/eureka-core-1.10.17.jar:/Users/d1ade4u/.m2/com/fasterxml/woodstox/woodstox-core/6.2.1/woodstox-core-6.2.1.jar:/Users/d1ade4u/.m2/org/codehaus/woodstox/stax2-api/4.2.1/stax2-api-4.2.1.jar:/Users/d1ade4u/.m2/org/springframework/cloud/spring-cloud-starter-loadbalancer/3.1.3/spring-cloud-starter-loadbalancer-3.1.3.jar:/Users/d1ade4u/.m2/org/springframework/cloud/spring-cloud-loadbalancer/3.1.3/spring-cloud-loadbalancer-3.1.3.jar:/Users/d1ade4u/.m2/io/projectreactor/reactor-core/3.4.17/reactor-core-3.4.17.jar:/Users/d1ade4u/.m2/org/reactivestreams/reactive-streams/1.0.3/reactive-streams-1.0.3.jar:/Users/d1ade4u/.m2/io/projectreactor/addons/reactor-extra/3.4.8/reactor-extra-3.4.8.jar:/Users/d1ade4u/.m2/org/springframework/boot/spring-boot-starter-cache/2.6.7/spring-boot-starter-cache-2.6.7.jar:/Users/d1ade4u/.m2/org/springframework/spring-context-support/5.3.19/spring-context-support-5.3.19.jar:/Users/d1ade4u/.m2/com/stoyanr/evictor/1.0.0/evictor-1.0.0.jar:/Users/d1ade4u/.m2/org/springframework/boot/spring-boot-starter-test/2.6.7/spring-boot-starter-test-2.6.7.jar:/Users/d1ade4u/.m2/org/springframework/boot/spring-boot-test/2.6.7/spring-boot-test-2.6.7.jar:/Users/d1ade4u/.m2/org/springframework/boot/spring-boot-test-autoconfigure/2.6.7/spring-boot-test-autoconfigure-2.6.7.jar:/Users/d1ade4u/.m2/com/jayway/jsonpath/json-path/2.6.0/json-path-2.6.0.jar:/Users/d1ade4u/.m2/net/minidev/json-smart/2.4.8/json-smart-2.4.8.jar:/Users/d1ade4u/.m2/net/minidev/accessors-smart/2.4.8/accessors-smart-2.4.8.jar:/Users/d1ade4u/.m2/org/ow2/asm/asm/9.1/asm-9.1.jar:/Users/d1ade4u/.m2/jakarta/xml/bind/jakarta.xml.bind-api/2.3.3/jakarta.xml.bind-api-2.3.3.jar:/Users/d1ade4u/.m2/jakarta/activation/jakarta.activation-api/1.2.2/jakarta.activation-api-1.2.2.jar:/Users/d1ade4u/.m2/org/assertj/assertj-core/3.21.0/assertj-core-3.21.0.jar:/Users/d1ade4u/.m2/org/hamcrest/hamcrest/2.2/hamcrest-2.2.jar:/Users/d1ade4u/.m2/org/junit/jupiter/junit-jupiter/5.8.2/junit-jupiter-5.8.2.jar:/Users/d1ade4u/.m2/org/junit/jupiter/junit-jupiter-api/5.8.2/junit-jupiter-api-5.8.2.jar:/Users/d1ade4u/.m2/org/opentest4j/opentest4j/1.2.0/opentest4j-1.2.0.jar:/Users/d1ade4u/.m2/org/junit/platform/junit-platform-commons/1.8.2/junit-platform-commons-1.8.2.jar:/Users/d1ade4u/.m2/org/junit/jupiter/junit-jupiter-params/5.8.2/junit-jupiter-params-5.8.2.jar:/Users/d1ade4u/.m2/org/junit/jupiter/junit-jupiter-engine/5.8.2/junit-jupiter-engine-5.8.2.jar:/Users/d1ade4u/.m2/org/junit/platform/junit-platform-engine/1.8.2/junit-platform-engine-1.8.2.jar:/Users/d1ade4u/.m2/org/mockito/mockito-core/4.0.0/mockito-core-4.0.0.jar:/Users/d1ade4u/.m2/net/bytebuddy/byte-buddy-agent/1.11.22/byte-buddy-agent-1.11.22.jar:/Users/d1ade4u/.m2/org/objenesis/objenesis/3.2/objenesis-3.2.jar:/Users/d1ade4u/.m2/org/mockito/mockito-junit-jupiter/4.0.0/mockito-junit-jupiter-4.0.0.jar:/Users/d1ade4u/.m2/org/skyscreamer/jsonassert/1.5.0/jsonassert-1.5.0.jar:/Users/d1ade4u/.m2/com/vaadin/external/google/android-json/0.0.20131108.vaadin1/android-json-0.0.20131108.vaadin1.jar:/Users/d1ade4u/.m2/org/springframework/spring-core/5.3.19/spring-core-5.3.19.jar:/Users/d1ade4u/.m2/org/springframework/spring-jcl/5.3.19/spring-jcl-5.3.19.jar:/Users/d1ade4u/.m2/org/springframework/spring-test/5.3.19/spring-test-5.3.19.jar:/Users/d1ade4u/.m2/org/xmlunit/xmlunit-core/2.8.4/xmlunit-core-2.8.4.jar:"/>
    <property name="sun.cpu.endian" value="little"/>
    <property name="user.home" value="/Users/d1ade4u"/>
    <property name="user.language" value="de"/>
    <property name="java.specification.vendor" value="Oracle Corporation"/>
    <property name="java.version.date" value="2021-10-19"/>
    <property name="java.home" value="/Library/Java/JavaVirtualMachines/jdk-11.0.13.jdk/Contents/Home"/>
    <property name="file.separator" value="/"/>
    <property name="basedir" value="/Users/d1ade4u/java-project-term4/mcservice/account-service-training"/>
    <property name="java.vm.compressedOopsMode" value="Zero based"/>
    <property name="line.separator" value="&#10;"/>
    <property name="java.specification.name" value="Java Platform API Specification"/>
    <property name="java.vm.specification.vendor" value="Oracle Corporation"/>
    <property name="java.awt.graphicsenv" value="sun.awt.CGraphicsEnvironment"/>
    <property name="surefire.real.class.path" value="/Users/d1ade4u/java-project-term4/mcservice/account-service-training/target/surefire/surefirebooter7891335168051034932.jar"/>
    <property name="sun.management.compiler" value="HotSpot 64-Bit Tiered Compilers"/>
    <property name="ftp.nonProxyHosts" value="local|*.local|169.254/16|*.169.254/16"/>
    <property name="java.runtime.version" value="11.0.13+10-LTS-370"/>
    <property name="user.name" value="d1ade4u"/>
    <property name="path.separator" value=":"/>
    <property name="os.version" value="11.4"/>
    <property name="java.runtime.name" value="Java(TM) SE Runtime Environment"/>
    <property name="file.encoding" value="UTF-8"/>
    <property name="java.vm.name" value="Java HotSpot(TM) 64-Bit Server VM"/>
    <property name="java.vendor.version" value="18.9"/>
    <property name="localRepository" value="/Users/d1ade4u/.m2"/>
    <property name="java.vendor.url.bug" value="https://bugreport.java.com/bugreport/"/>
    <property name="java.io.tmpdir" value="/var/folders/pd/ld221k5s2fnfq1swqwd3c63w0000gr/T/"/>
    <property name="java.version" value="11.0.13"/>
    <property name="user.dir" value="/Users/d1ade4u/java-project-term4/mcservice/account-service-training"/>
    <property name="os.arch" value="x86_64"/>
    <property name="java.vm.specification.name" value="Java Virtual Machine Specification"/>
    <property name="java.awt.printerjob" value="sun.lwawt.macosx.CPrinterJob"/>
    <property name="sun.os.patch.level" value="unknown"/>
    <property name="java.library.path" value="/Users/d1ade4u/Library/Java/Extensions:/Library/Java/Extensions:/Network/Library/Java/Extensions:/System/Library/Java/Extensions:/usr/lib/java:."/>
    <property name="java.vendor" value="Oracle Corporation"/>
    <property name="java.vm.info" value="mixed mode"/>
    <property name="java.vm.version" value="11.0.13+10-LTS-370"/>
    <property name="sun.io.unicode.encoding" value="UnicodeBig"/>
    <property name="java.class.version" value="55.0"/>
    <property name="socksNonProxyHosts" value="local|*.local|169.254/16|*.169.254/16"/>
  </properties>
  <testcase name="getAccount_returns_account" classname="de.bredex.account.domain.service.AccountServiceTest" time="0.065"/>
  <testcase name="getAccounts_returns_accounts" classname="de.bredex.account.domain.service.AccountServiceTest" time="0.005"/>
  <testcase name="getAccount_throws_exception_for_non_existing_account" classname="de.bredex.account.domain.service.AccountServiceTest" time="0.005"/>
</testsuite>